TN:
SF:src/App.jsx
FN:6,App
FN:11,(anonymous_1)
FN:15,(anonymous_2)
FN:29,(anonymous_3)
FN:32,(anonymous_4)
FN:39,(anonymous_5)
FN:42,(anonymous_6)
FN:43,(anonymous_7)
FN:51,(anonymous_8)
FN:54,(anonymous_9)
FN:54,(anonymous_10)
FNF:11
FNH:11
FNDA:38,App
FNDA:13,(anonymous_1)
FNDA:13,(anonymous_2)
FNDA:2,(anonymous_3)
FNDA:1,(anonymous_4)
FNDA:2,(anonymous_5)
FNDA:1,(anonymous_6)
FNDA:2,(anonymous_7)
FNDA:2,(anonymous_8)
FNDA:1,(anonymous_9)
FNDA:2,(anonymous_10)
DA:7,38
DA:8,38
DA:9,38
DA:11,38
DA:12,13
DA:15,38
DA:16,13
DA:17,13
DA:18,13
DA:19,13
DA:20,11
DA:22,1
DA:23,1
DA:25,12
DA:29,38
DA:30,2
DA:31,2
DA:32,1
DA:34,1
DA:35,1
DA:39,38
DA:40,2
DA:41,2
DA:42,1
DA:43,2
DA:46,1
DA:47,1
DA:51,38
DA:52,2
DA:53,2
DA:54,2
DA:56,1
DA:57,1
DA:61,38
LF:34
LH:34
BRDA:43,0,0,1
BRDA:43,0,1,1
BRDA:65,1,0,38
BRDA:65,1,1,4
BRDA:66,2,0,13
BRDA:66,2,1,24
BRF:6
BRH:6
end_of_record
TN:
SF:src/components/TodoForm.jsx
FN:3,TodoForm
FN:7,(anonymous_1)
FN:29,(anonymous_2)
FNF:3
FNH:3
FNDA:106,TodoForm
FNDA:7,(anonymous_1)
FNDA:51,(anonymous_2)
DA:4,106
DA:5,106
DA:7,106
DA:8,7
DA:9,7
DA:11,7
DA:12,7
DA:13,7
DA:14,6
DA:16,0
DA:18,6
DA:22,106
DA:29,51
LF:13
LH:12
BRDA:9,0,0,0
BRDA:9,0,1,7
BRDA:39,1,0,106
BRDA:39,1,1,96
BRDA:42,2,0,9
BRDA:42,2,1,96
BRDA:44,3,0,9
BRDA:44,3,1,96
BRF:8
BRH:7
end_of_record
TN:
SF:src/components/TodoItem.jsx
FN:1,TodoItem
FN:2,(anonymous_1)
FN:6,(anonymous_2)
FNF:3
FNH:3
FNDA:41,TodoItem
FNDA:5,(anonymous_1)
FNDA:4,(anonymous_2)
DA:2,41
DA:3,5
DA:6,41
DA:7,4
DA:10,41
LF:5
LH:5
BRDA:11,0,0,19
BRDA:11,0,1,22
BRDA:18,1,0,19
BRDA:18,1,1,22
BRF:4
BRH:4
end_of_record
TN:
SF:src/components/TodoList.jsx
FN:3,TodoList
FN:14,(anonymous_1)
FNF:2
FNH:2
FNDA:23,TodoList
FNDA:27,(anonymous_1)
DA:4,23
DA:5,8
DA:12,15
DA:15,27
LF:4
LH:4
BRDA:4,0,0,8
BRDA:4,0,1,15
BRF:2
BRH:2
end_of_record
TN:
SF:src/services/api.js
FN:3,fetchTodos
FN:11,createTodo
FN:25,updateTodo
FN:39,deleteTodo
FNF:4
FNH:4
FNDA:2,fetchTodos
FNDA:2,createTodo
FNDA:2,updateTodo
FNDA:2,deleteTodo
DA:1,2
DA:4,2
DA:5,2
DA:6,1
DA:8,1
DA:12,2
DA:19,2
DA:20,1
DA:22,1
DA:26,2
DA:33,2
DA:34,1
DA:36,1
DA:40,2
DA:43,2
DA:44,1
LF:16
LH:16
BRDA:1,0,0,2
BRDA:1,0,1,2
BRDA:5,1,0,1
BRDA:5,1,1,1
BRDA:19,2,0,1
BRDA:19,2,1,1
BRDA:33,3,0,1
BRDA:33,3,1,1
BRDA:43,4,0,1
BRDA:43,4,1,1
BRF:10
BRH:10
end_of_record
