{"/Users/michellepagani/meu-projeto-bmad/meu-projeto-bmad/meu-projeto-bmad/meu-projeto-bmad/backend/db.js": {"path":"/Users/michellepagani/meu-projeto-bmad/meu-projeto-bmad/meu-projeto-bmad/meu-projeto-bmad/backend/db.js","statementMap":{"0":{"start":{"line":1,"column":16},"end":{"line":1,"column":34}},"1":{"start":{"line":2,"column":17},"end":{"line":2,"column":34}},"2":{"start":{"line":3,"column":13},"end":{"line":3,"column":28}},"3":{"start":{"line":4,"column":11},"end":{"line":4,"column":24}},"4":{"start":{"line":7,"column":13},"end":{"line":7,"column":38}},"5":{"start":{"line":8,"column":0},"end":{"line":13,"column":1}},"6":{"start":{"line":9,"column":2},"end":{"line":9,"column":52}},"7":{"start":{"line":12,"column":2},"end":{"line":12,"column":32}},"8":{"start":{"line":16,"column":14},"end":{"line":16,"column":34}},"9":{"start":{"line":17,"column":0},"end":{"line":20,"column":1}},"10":{"start":{"line":18,"column":2},"end":{"line":18,"column":43}},"11":{"start":{"line":19,"column":2},"end":{"line":19,"column":54}},"12":{"start":{"line":23,"column":2},"end":{"line":26,"column":5}},"13":{"start":{"line":29,"column":0},"end":{"line":29,"column":34}}},"fnMap":{"0":{"name":"openDatabase","decl":{"start":{"line":22,"column":15},"end":{"line":22,"column":27}},"loc":{"start":{"line":22,"column":30},"end":{"line":27,"column":1}},"line":22}},"branchMap":{"0":{"loc":{"start":{"line":8,"column":0},"end":{"line":13,"column":1}},"type":"if","locations":[{"start":{"line":8,"column":0},"end":{"line":13,"column":1}},{"start":{"line":10,"column":7},"end":{"line":13,"column":1}}],"line":8},"1":{"loc":{"start":{"line":17,"column":0},"end":{"line":20,"column":1}},"type":"if","locations":[{"start":{"line":17,"column":0},"end":{"line":20,"column":1}},{"start":{},"end":{}}],"line":17}},"s":{"0":2,"1":2,"2":2,"3":2,"4":2,"5":2,"6":1,"7":1,"8":2,"9":2,"10":1,"11":1,"12":2,"13":2},"f":{"0":2},"b":{"0":[1,1],"1":[1,1]},"_coverageSchema":"1a1c01bbd47fc00a2c39e90264f33305004495a9","hash":"488a78fe4626c2c6f1b300f4db54d7963c2b63b4"}
}
